[05:13:30.928][info] [#0:/home/mattdube/.local/share/nvim/lsp_servers/sumneko_lua/extension/server/main.lua:65]: Lua Lsp startup, root: 	/home/mattdube/.local/share/nvim/lsp_servers/sumneko_lua/extension/server
[05:13:30.928][info] [#0:/home/mattdube/.local/share/nvim/lsp_servers/sumneko_lua/extension/server/main.lua:66]: ROOT:	/home/mattdube/.local/share/nvim/lsp_servers/sumneko_lua/extension/server
[05:13:30.928][info] [#0:/home/mattdube/.local/share/nvim/lsp_servers/sumneko_lua/extension/server/main.lua:67]: LOGPATH:	/home/mattdube/.local/share/nvim/lsp_servers/sumneko_lua/extension/server/log
[05:13:30.928][info] [#0:/home/mattdube/.local/share/nvim/lsp_servers/sumneko_lua/extension/server/main.lua:68]: METAPATH:	/home/mattdube/.local/share/nvim/lsp_servers/sumneko_lua/extension/server/meta
[05:13:30.928][info] [#0:/home/mattdube/.local/share/nvim/lsp_servers/sumneko_lua/extension/server/main.lua:69]: VERSION:	3.2.4
[05:13:30.967][info] [#0:script/service/service.lua:141]: 
========= Medical Examination Report =========
    --------------- Memory ---------------
        Total: 1.439 MB
        # 00 : 1.439 MB
        # 01 : 0.000 MB
        # 02 : 0.000 MB
        # 03 : 0.000 MB
        # 04 : 0.000 MB
    --------------- Coroutine ---------------
        Total:     0
        Running:   0
        Suspended: 0
        Normal:    0
        Dead:      0
    --------------- Cache ---------------
        Total: 1
        Dead:  0
    ---------------  RPC  ---------------
        Holdon:   0
        Waiting:  0
==============================================
[05:13:31.073][info] [#0:script/language.lua:137]: VSC language: nil
[05:13:31.073][info] [#0:script/language.lua:138]: LS  language: en-us
[05:13:31.073][info] [#0:script/workspace/workspace.lua:39]: Workspace init root: 	file:///home/mattdube/.config/nvim
[05:13:31.073][info] [#0:script/workspace/workspace.lua:43]: Log path: 	/home/mattdube/.local/share/nvim/lsp_servers/sumneko_lua/extension/server/log/file_home_mattdube_.config_nvim.log
